<?xml version="1.0" encoding="UTF-8"?>
<testng-results skipped="0" failed="0" ignored="0" total="2" passed="2">
  <reporter-output>
  </reporter-output>
  <suite name="Default suite" duration-ms="51821" started-at="2021-06-08T19:46:40Z" finished-at="2021-06-08T19:47:32Z">
    <groups>
    </groups>
    <test name="Default test" duration-ms="51821" started-at="2021-06-08T19:46:40Z" finished-at="2021-06-08T19:47:32Z">
      <class name="tests.TestAboutUsAndLogin">
        <test-method status="PASS" signature="createDriver()[pri:0, instance:tests.TestAboutUsAndLogin@47c62251]" name="createDriver" is-config="true" duration-ms="5312" started-at="2021-06-08T19:46:40Z" finished-at="2021-06-08T19:46:45Z">
          <reporter-output>
          </reporter-output>
        </test-method> <!-- createDriver -->
        <test-method status="PASS" signature="AboutUs()[pri:1, instance:tests.TestAboutUsAndLogin@47c62251]" name="AboutUs" duration-ms="24860" started-at="2021-06-08T19:46:45Z" finished-at="2021-06-08T19:47:10Z">
          <reporter-output>
          </reporter-output>
        </test-method> <!-- AboutUs -->
        <test-method status="PASS" signature="LoginTest()[pri:2, instance:tests.TestAboutUsAndLogin@47c62251]" name="LoginTest" duration-ms="21589" started-at="2021-06-08T19:47:10Z" finished-at="2021-06-08T19:47:32Z">
          <reporter-output>
          </reporter-output>
        </test-method> <!-- LoginTest -->
      </class> <!-- tests.TestAboutUsAndLogin -->
    </test> <!-- Default test -->
  </suite> <!-- Default suite -->
</testng-results>
